<?xml version="1.0" encoding="UTF-8"?>
<!-- Generated by org.testng.reporters.JUnitXMLReporter -->
<testsuite hostname="SL-1549.local" ignored="0" name="Surefire test" tests="4" failures="2" timestamp="23 Feb 2022 15:46:19 GMT" time="214.086" errors="0">
  <testcase name="WootPageTitle" time="100.014" classname="com.woot.WootTest"/>
  <testcase name="WootElectronics" time="147.032" classname="com.woot.WootTest">
    <failure type="java.lang.AssertionError" message="2 visual regressions found. Test failed.

View report: https://screener.io/v2/dashboard/621655f7f799877d1a454f71/(default) expected [true] but found [false]">
      <![CDATA[java.lang.AssertionError: 2 visual regressions found. Test failed.

View report: https://screener.io/v2/dashboard/621655f7f799877d1a454f71/(default) expected [true] but found [false]
	at com.woot.WootTest.WootElectronics(WootTest.java:162)
	at java.util.concurrent.FutureTask.run(FutureTask.java:266)
	at java.util.concurrent.Executors$RunnableAdapter.call(Executors.java:511)
	at java.util.concurrent.FutureTask.run(FutureTask.java:266)
	at java.util.concurrent.ThreadPoolExecutor.runWorker(ThreadPoolExecutor.java:1149)
	at java.util.concurrent.ThreadPoolExecutor$Worker.run(ThreadPoolExecutor.java:624)
	at java.lang.Thread.run(Thread.java:748)
... Removed 12 stack frames]]>
    </failure>
  </testcase> <!-- WootElectronics -->
  <testcase name="WootElectronics" time="170.707" classname="com.woot.WootTest">
    <failure type="java.lang.AssertionError" message="2 visual regressions found. Test failed.

View report: https://screener.io/v2/dashboard/621655f7f799877d1a454f71/(default) expected [true] but found [false]">
      <![CDATA[java.lang.AssertionError: 2 visual regressions found. Test failed.

View report: https://screener.io/v2/dashboard/621655f7f799877d1a454f71/(default) expected [true] but found [false]
	at com.woot.WootTest.WootElectronics(WootTest.java:162)
	at java.util.concurrent.FutureTask.run(FutureTask.java:266)
	at java.util.concurrent.Executors$RunnableAdapter.call(Executors.java:511)
	at java.util.concurrent.FutureTask.run(FutureTask.java:266)
	at java.util.concurrent.ThreadPoolExecutor.runWorker(ThreadPoolExecutor.java:1149)
	at java.util.concurrent.ThreadPoolExecutor$Worker.run(ThreadPoolExecutor.java:624)
	at java.lang.Thread.run(Thread.java:748)
... Removed 12 stack frames]]>
    </failure>
  </testcase> <!-- WootElectronics -->
  <testcase name="WootPageTitle" time="212.916" classname="com.woot.WootTest"/>
</testsuite> <!-- Surefire test -->
