<?xml version="1.0" encoding="UTF-8"?>
<testng-results skipped="0" failed="0" ignored="0" total="24" passed="24">
  <reporter-output>
  </reporter-output>
  <suite name="Surefire suite" duration-ms="167089" started-at="2023-04-14T16:33:43Z" finished-at="2023-04-14T16:36:30Z">
    <groups>
    </groups>
    <test name="Surefire test" duration-ms="167089" started-at="2023-04-14T16:33:43Z" finished-at="2023-04-14T16:36:30Z">
      <class name="com.bofa.BofATest">
        <test-method status="PASS" signature="MadKuduFunc(java.lang.String, java.lang.String, java.lang.String, java.lang.String, java.lang.String, java.lang.reflect.Method)[pri:0, instance:com.bofa.BofATest@6615435c]" name="MadKuduFunc" duration-ms="18994" started-at="2023-04-14T12:33:43Z" data-provider="hardCodedBrowsers" finished-at="2023-04-14T12:34:02Z">
          <params>
            <param index="0">
              <value>
                <![CDATA[browser]]>
              </value>
            </param>
            <param index="1">
              <value>
                <![CDATA[MicrosoftEdge]]>
              </value>
            </param>
            <param index="2">
              <value>
                <![CDATA[latest]]>
              </value>
            </param>
            <param index="3">
              <value>
                <![CDATA[Windows 10]]>
              </value>
            </param>
            <param index="4">
              <value>
                <![CDATA[]]>
              </value>
            </param>
            <param index="5">
              <value>
                <![CDATA[public void com.bofa.BofATest.MadKuduFunc(java.lang.String,java.lang.String,java.lang.String,java.lang.String,java.lang.String,java.lang.reflect.Method) throws java.lang.Exception]]>
              </value>
            </param>
          </params>
          <reporter-output>
          </reporter-output>
        </test-method> <!-- MadKuduFunc -->
        <test-method status="PASS" signature="MadKuduPageTitle(java.lang.String, java.lang.String, java.lang.String, java.lang.String, java.lang.String, java.lang.reflect.Method)[pri:0, instance:com.bofa.BofATest@6615435c]" name="MadKuduPageTitle" duration-ms="16425" started-at="2023-04-14T12:33:43Z" data-provider="hardCodedBrowsers" finished-at="2023-04-14T12:33:59Z">
          <params>
            <param index="0">
              <value>
                <![CDATA[browser]]>
              </value>
            </param>
            <param index="1">
              <value>
                <![CDATA[MicrosoftEdge]]>
              </value>
            </param>
            <param index="2">
              <value>
                <![CDATA[latest]]>
              </value>
            </param>
            <param index="3">
              <value>
                <![CDATA[Windows 10]]>
              </value>
            </param>
            <param index="4">
              <value>
                <![CDATA[]]>
              </value>
            </param>
            <param index="5">
              <value>
                <![CDATA[public void com.bofa.BofATest.MadKuduPageTitle(java.lang.String,java.lang.String,java.lang.String,java.lang.String,java.lang.String,java.lang.reflect.Method) throws java.lang.Exception]]>
              </value>
            </param>
          </params>
          <reporter-output>
          </reporter-output>
        </test-method> <!-- MadKuduPageTitle -->
        <test-method status="PASS" signature="MadKuduPageTitle(java.lang.String, java.lang.String, java.lang.String, java.lang.String, java.lang.String, java.lang.reflect.Method)[pri:0, instance:com.bofa.BofATest@6615435c]" name="MadKuduPageTitle" duration-ms="67841" started-at="2023-04-14T12:33:43Z" data-provider="hardCodedBrowsers" finished-at="2023-04-14T12:34:51Z">
          <params>
            <param index="0">
              <value>
                <![CDATA[browser]]>
              </value>
            </param>
            <param index="1">
              <value>
                <![CDATA[chrome]]>
              </value>
            </param>
            <param index="2">
              <value>
                <![CDATA[latest]]>
              </value>
            </param>
            <param index="3">
              <value>
                <![CDATA[Windows 10]]>
              </value>
            </param>
            <param index="4">
              <value>
                <![CDATA[]]>
              </value>
            </param>
            <param index="5">
              <value>
                <![CDATA[public void com.bofa.BofATest.MadKuduPageTitle(java.lang.String,java.lang.String,java.lang.String,java.lang.String,java.lang.String,java.lang.reflect.Method) throws java.lang.Exception]]>
              </value>
            </param>
          </params>
          <reporter-output>
          </reporter-output>
        </test-method> <!-- MadKuduPageTitle -->
        <test-method status="PASS" signature="MadKuduFunc(java.lang.String, java.lang.String, java.lang.String, java.lang.String, java.lang.String, java.lang.reflect.Method)[pri:0, instance:com.bofa.BofATest@6615435c]" name="MadKuduFunc" duration-ms="21742" started-at="2023-04-14T12:33:43Z" data-provider="hardCodedBrowsers" finished-at="2023-04-14T12:34:04Z">
          <params>
            <param index="0">
              <value>
                <![CDATA[browser]]>
              </value>
            </param>
            <param index="1">
              <value>
                <![CDATA[firefox]]>
              </value>
            </param>
            <param index="2">
              <value>
                <![CDATA[55.0]]>
              </value>
            </param>
            <param index="3">
              <value>
                <![CDATA[Windows 7]]>
              </value>
            </param>
            <param index="4">
              <value>
                <![CDATA[]]>
              </value>
            </param>
            <param index="5">
              <value>
                <![CDATA[public void com.bofa.BofATest.MadKuduFunc(java.lang.String,java.lang.String,java.lang.String,java.lang.String,java.lang.String,java.lang.reflect.Method) throws java.lang.Exception]]>
              </value>
            </param>
          </params>
          <reporter-output>
          </reporter-output>
        </test-method> <!-- MadKuduFunc -->
        <test-method status="PASS" signature="MadKuduPageTitle(java.lang.String, java.lang.String, java.lang.String, java.lang.String, java.lang.String, java.lang.reflect.Method)[pri:0, instance:com.bofa.BofATest@6615435c]" name="MadKuduPageTitle" duration-ms="18099" started-at="2023-04-14T12:33:43Z" data-provider="hardCodedBrowsers" finished-at="2023-04-14T12:34:01Z">
          <params>
            <param index="0">
              <value>
                <![CDATA[browser]]>
              </value>
            </param>
            <param index="1">
              <value>
                <![CDATA[firefox]]>
              </value>
            </param>
            <param index="2">
              <value>
                <![CDATA[latest-2]]>
              </value>
            </param>
            <param index="3">
              <value>
                <![CDATA[Windows 10]]>
              </value>
            </param>
            <param index="4">
              <value>
                <![CDATA[]]>
              </value>
            </param>
            <param index="5">
              <value>
                <![CDATA[public void com.bofa.BofATest.MadKuduPageTitle(java.lang.String,java.lang.String,java.lang.String,java.lang.String,java.lang.String,java.lang.reflect.Method) throws java.lang.Exception]]>
              </value>
            </param>
          </params>
          <reporter-output>
          </reporter-output>
        </test-method> <!-- MadKuduPageTitle -->
        <test-method status="PASS" signature="MadKuduFunc(java.lang.String, java.lang.String, java.lang.String, java.lang.String, java.lang.String, java.lang.reflect.Method)[pri:0, instance:com.bofa.BofATest@6615435c]" name="MadKuduFunc" duration-ms="24745" started-at="2023-04-14T12:33:43Z" data-provider="hardCodedBrowsers" finished-at="2023-04-14T12:34:07Z">
          <params>
            <param index="0">
              <value>
                <![CDATA[browser]]>
              </value>
            </param>
            <param index="1">
              <value>
                <![CDATA[firefox]]>
              </value>
            </param>
            <param index="2">
              <value>
                <![CDATA[latest-2]]>
              </value>
            </param>
            <param index="3">
              <value>
                <![CDATA[Windows 10]]>
              </value>
            </param>
            <param index="4">
              <value>
                <![CDATA[]]>
              </value>
            </param>
            <param index="5">
              <value>
                <![CDATA[public void com.bofa.BofATest.MadKuduFunc(java.lang.String,java.lang.String,java.lang.String,java.lang.String,java.lang.String,java.lang.reflect.Method) throws java.lang.Exception]]>
              </value>
            </param>
          </params>
          <reporter-output>
          </reporter-output>
        </test-method> <!-- MadKuduFunc -->
        <test-method status="PASS" signature="MadKuduFunc(java.lang.String, java.lang.String, java.lang.String, java.lang.String, java.lang.String, java.lang.reflect.Method)[pri:0, instance:com.bofa.BofATest@6615435c]" name="MadKuduFunc" duration-ms="17394" started-at="2023-04-14T12:33:43Z" data-provider="hardCodedBrowsers" finished-at="2023-04-14T12:34:00Z">
          <params>
            <param index="0">
              <value>
                <![CDATA[browser]]>
              </value>
            </param>
            <param index="1">
              <value>
                <![CDATA[internet explorer]]>
              </value>
            </param>
            <param index="2">
              <value>
                <![CDATA[11]]>
              </value>
            </param>
            <param index="3">
              <value>
                <![CDATA[Windows 8.1]]>
              </value>
            </param>
            <param index="4">
              <value>
                <![CDATA[]]>
              </value>
            </param>
            <param index="5">
              <value>
                <![CDATA[public void com.bofa.BofATest.MadKuduFunc(java.lang.String,java.lang.String,java.lang.String,java.lang.String,java.lang.String,java.lang.reflect.Method) throws java.lang.Exception]]>
              </value>
            </param>
          </params>
          <reporter-output>
          </reporter-output>
        </test-method> <!-- MadKuduFunc -->
        <test-method status="PASS" signature="MadKuduFunc(java.lang.String, java.lang.String, java.lang.String, java.lang.String, java.lang.String, java.lang.reflect.Method)[pri:0, instance:com.bofa.BofATest@6615435c]" name="MadKuduFunc" duration-ms="166480" started-at="2023-04-14T12:33:43Z" data-provider="hardCodedBrowsers" finished-at="2023-04-14T12:36:29Z">
          <params>
            <param index="0">
              <value>
                <![CDATA[browser]]>
              </value>
            </param>
            <param index="1">
              <value>
                <![CDATA[chrome]]>
              </value>
            </param>
            <param index="2">
              <value>
                <![CDATA[latest]]>
              </value>
            </param>
            <param index="3">
              <value>
                <![CDATA[Windows 10]]>
              </value>
            </param>
            <param index="4">
              <value>
                <![CDATA[]]>
              </value>
            </param>
            <param index="5">
              <value>
                <![CDATA[public void com.bofa.BofATest.MadKuduFunc(java.lang.String,java.lang.String,java.lang.String,java.lang.String,java.lang.String,java.lang.reflect.Method) throws java.lang.Exception]]>
              </value>
            </param>
          </params>
          <reporter-output>
          </reporter-output>
        </test-method> <!-- MadKuduFunc -->
        <test-method status="PASS" signature="MadKuduFunc(java.lang.String, java.lang.String, java.lang.String, java.lang.String, java.lang.String, java.lang.reflect.Method)[pri:0, instance:com.bofa.BofATest@6615435c]" name="MadKuduFunc" duration-ms="23312" started-at="2023-04-14T12:33:43Z" data-provider="hardCodedBrowsers" finished-at="2023-04-14T12:34:06Z">
          <params>
            <param index="0">
              <value>
                <![CDATA[browser]]>
              </value>
            </param>
            <param index="1">
              <value>
                <![CDATA[safari]]>
              </value>
            </param>
            <param index="2">
              <value>
                <![CDATA[latest]]>
              </value>
            </param>
            <param index="3">
              <value>
                <![CDATA[macOS 10.13]]>
              </value>
            </param>
            <param index="4">
              <value>
                <![CDATA[]]>
              </value>
            </param>
            <param index="5">
              <value>
                <![CDATA[public void com.bofa.BofATest.MadKuduFunc(java.lang.String,java.lang.String,java.lang.String,java.lang.String,java.lang.String,java.lang.reflect.Method) throws java.lang.Exception]]>
              </value>
            </param>
          </params>
          <reporter-output>
          </reporter-output>
        </test-method> <!-- MadKuduFunc -->
        <test-method status="PASS" signature="MadKuduFunc(java.lang.String, java.lang.String, java.lang.String, java.lang.String, java.lang.String, java.lang.reflect.Method)[pri:0, instance:com.bofa.BofATest@6615435c]" name="MadKuduFunc" duration-ms="27937" started-at="2023-04-14T12:33:43Z" data-provider="hardCodedBrowsers" finished-at="2023-04-14T12:34:11Z">
          <params>
            <param index="0">
              <value>
                <![CDATA[browser]]>
              </value>
            </param>
            <param index="1">
              <value>
                <![CDATA[safari]]>
              </value>
            </param>
            <param index="2">
              <value>
                <![CDATA[11.0]]>
              </value>
            </param>
            <param index="3">
              <value>
                <![CDATA[macOS 10.12]]>
              </value>
            </param>
            <param index="4">
              <value>
                <![CDATA[]]>
              </value>
            </param>
            <param index="5">
              <value>
                <![CDATA[public void com.bofa.BofATest.MadKuduFunc(java.lang.String,java.lang.String,java.lang.String,java.lang.String,java.lang.String,java.lang.reflect.Method) throws java.lang.Exception]]>
              </value>
            </param>
          </params>
          <reporter-output>
          </reporter-output>
        </test-method> <!-- MadKuduFunc -->
        <test-method status="PASS" signature="MadKuduFunc(java.lang.String, java.lang.String, java.lang.String, java.lang.String, java.lang.String, java.lang.reflect.Method)[pri:0, instance:com.bofa.BofATest@6615435c]" name="MadKuduFunc" duration-ms="29377" started-at="2023-04-14T12:33:43Z" data-provider="hardCodedBrowsers" finished-at="2023-04-14T12:34:12Z">
          <params>
            <param index="0">
              <value>
                <![CDATA[browser]]>
              </value>
            </param>
            <param index="1">
              <value>
                <![CDATA[firefox]]>
              </value>
            </param>
            <param index="2">
              <value>
                <![CDATA[latest]]>
              </value>
            </param>
            <param index="3">
              <value>
                <![CDATA[macOS 10.14]]>
              </value>
            </param>
            <param index="4">
              <value>
                <![CDATA[]]>
              </value>
            </param>
            <param index="5">
              <value>
                <![CDATA[public void com.bofa.BofATest.MadKuduFunc(java.lang.String,java.lang.String,java.lang.String,java.lang.String,java.lang.String,java.lang.reflect.Method) throws java.lang.Exception]]>
              </value>
            </param>
          </params>
          <reporter-output>
          </reporter-output>
        </test-method> <!-- MadKuduFunc -->
        <test-method status="PASS" signature="MadKuduPageTitle(java.lang.String, java.lang.String, java.lang.String, java.lang.String, java.lang.String, java.lang.reflect.Method)[pri:0, instance:com.bofa.BofATest@6615435c]" name="MadKuduPageTitle" duration-ms="18451" started-at="2023-04-14T12:33:43Z" data-provider="hardCodedBrowsers" finished-at="2023-04-14T12:34:01Z">
          <params>
            <param index="0">
              <value>
                <![CDATA[browser]]>
              </value>
            </param>
            <param index="1">
              <value>
                <![CDATA[safari]]>
              </value>
            </param>
            <param index="2">
              <value>
                <![CDATA[latest]]>
              </value>
            </param>
            <param index="3">
              <value>
                <![CDATA[macOS 10.13]]>
              </value>
            </param>
            <param index="4">
              <value>
                <![CDATA[]]>
              </value>
            </param>
            <param index="5">
              <value>
                <![CDATA[public void com.bofa.BofATest.MadKuduPageTitle(java.lang.String,java.lang.String,java.lang.String,java.lang.String,java.lang.String,java.lang.reflect.Method) throws java.lang.Exception]]>
              </value>
            </param>
          </params>
          <reporter-output>
          </reporter-output>
        </test-method> <!-- MadKuduPageTitle -->
        <test-method status="PASS" signature="MadKuduPageTitle(java.lang.String, java.lang.String, java.lang.String, java.lang.String, java.lang.String, java.lang.reflect.Method)[pri:0, instance:com.bofa.BofATest@6615435c]" name="MadKuduPageTitle" duration-ms="16959" started-at="2023-04-14T12:33:43Z" data-provider="hardCodedBrowsers" finished-at="2023-04-14T12:34:00Z">
          <params>
            <param index="0">
              <value>
                <![CDATA[browser]]>
              </value>
            </param>
            <param index="1">
              <value>
                <![CDATA[firefox]]>
              </value>
            </param>
            <param index="2">
              <value>
                <![CDATA[55.0]]>
              </value>
            </param>
            <param index="3">
              <value>
                <![CDATA[Windows 7]]>
              </value>
            </param>
            <param index="4">
              <value>
                <![CDATA[]]>
              </value>
            </param>
            <param index="5">
              <value>
                <![CDATA[public void com.bofa.BofATest.MadKuduPageTitle(java.lang.String,java.lang.String,java.lang.String,java.lang.String,java.lang.String,java.lang.reflect.Method) throws java.lang.Exception]]>
              </value>
            </param>
          </params>
          <reporter-output>
          </reporter-output>
        </test-method> <!-- MadKuduPageTitle -->
        <test-method status="PASS" signature="MadKuduFunc(java.lang.String, java.lang.String, java.lang.String, java.lang.String, java.lang.String, java.lang.reflect.Method)[pri:0, instance:com.bofa.BofATest@6615435c]" name="MadKuduFunc" duration-ms="38681" started-at="2023-04-14T12:33:43Z" data-provider="hardCodedBrowsers" finished-at="2023-04-14T12:34:21Z">
          <params>
            <param index="0">
              <value>
                <![CDATA[device]]>
              </value>
            </param>
            <param index="1">
              <value>
                <![CDATA[]]>
              </value>
            </param>
            <param index="2">
              <value>
                <![CDATA[]]>
              </value>
            </param>
            <param index="3">
              <value>
                <![CDATA[Android]]>
              </value>
            </param>
            <param index="4">
              <value>
                <![CDATA[Samsung.*]]>
              </value>
            </param>
            <param index="5">
              <value>
                <![CDATA[public void com.bofa.BofATest.MadKuduFunc(java.lang.String,java.lang.String,java.lang.String,java.lang.String,java.lang.String,java.lang.reflect.Method) throws java.lang.Exception]]>
              </value>
            </param>
          </params>
          <reporter-output>
          </reporter-output>
        </test-method> <!-- MadKuduFunc -->
        <test-method status="PASS" signature="MadKuduPageTitle(java.lang.String, java.lang.String, java.lang.String, java.lang.String, java.lang.String, java.lang.reflect.Method)[pri:0, instance:com.bofa.BofATest@6615435c]" name="MadKuduPageTitle" duration-ms="27431" started-at="2023-04-14T12:33:43Z" data-provider="hardCodedBrowsers" finished-at="2023-04-14T12:34:10Z">
          <params>
            <param index="0">
              <value>
                <![CDATA[browser]]>
              </value>
            </param>
            <param index="1">
              <value>
                <![CDATA[firefox]]>
              </value>
            </param>
            <param index="2">
              <value>
                <![CDATA[latest]]>
              </value>
            </param>
            <param index="3">
              <value>
                <![CDATA[macOS 10.14]]>
              </value>
            </param>
            <param index="4">
              <value>
                <![CDATA[]]>
              </value>
            </param>
            <param index="5">
              <value>
                <![CDATA[public void com.bofa.BofATest.MadKuduPageTitle(java.lang.String,java.lang.String,java.lang.String,java.lang.String,java.lang.String,java.lang.reflect.Method) throws java.lang.Exception]]>
              </value>
            </param>
          </params>
          <reporter-output>
          </reporter-output>
        </test-method> <!-- MadKuduPageTitle -->
        <test-method status="PASS" signature="MadKuduPageTitle(java.lang.String, java.lang.String, java.lang.String, java.lang.String, java.lang.String, java.lang.reflect.Method)[pri:0, instance:com.bofa.BofATest@6615435c]" name="MadKuduPageTitle" duration-ms="28787" started-at="2023-04-14T12:33:43Z" data-provider="hardCodedBrowsers" finished-at="2023-04-14T12:34:11Z">
          <params>
            <param index="0">
              <value>
                <![CDATA[device]]>
              </value>
            </param>
            <param index="1">
              <value>
                <![CDATA[]]>
              </value>
            </param>
            <param index="2">
              <value>
                <![CDATA[]]>
              </value>
            </param>
            <param index="3">
              <value>
                <![CDATA[Android]]>
              </value>
            </param>
            <param index="4">
              <value>
                <![CDATA[Samsung.*]]>
              </value>
            </param>
            <param index="5">
              <value>
                <![CDATA[public void com.bofa.BofATest.MadKuduPageTitle(java.lang.String,java.lang.String,java.lang.String,java.lang.String,java.lang.String,java.lang.reflect.Method) throws java.lang.Exception]]>
              </value>
            </param>
          </params>
          <reporter-output>
          </reporter-output>
        </test-method> <!-- MadKuduPageTitle -->
        <test-method status="PASS" signature="MadKuduPageTitle(java.lang.String, java.lang.String, java.lang.String, java.lang.String, java.lang.String, java.lang.reflect.Method)[pri:0, instance:com.bofa.BofATest@6615435c]" name="MadKuduPageTitle" duration-ms="102050" started-at="2023-04-14T12:33:43Z" data-provider="hardCodedBrowsers" finished-at="2023-04-14T12:35:25Z">
          <params>
            <param index="0">
              <value>
                <![CDATA[device]]>
              </value>
            </param>
            <param index="1">
              <value>
                <![CDATA[]]>
              </value>
            </param>
            <param index="2">
              <value>
                <![CDATA[]]>
              </value>
            </param>
            <param index="3">
              <value>
                <![CDATA[iOS]]>
              </value>
            </param>
            <param index="4">
              <value>
                <![CDATA[iPhone.*]]>
              </value>
            </param>
            <param index="5">
              <value>
                <![CDATA[public void com.bofa.BofATest.MadKuduPageTitle(java.lang.String,java.lang.String,java.lang.String,java.lang.String,java.lang.String,java.lang.reflect.Method) throws java.lang.Exception]]>
              </value>
            </param>
          </params>
          <reporter-output>
          </reporter-output>
        </test-method> <!-- MadKuduPageTitle -->
        <test-method status="PASS" signature="MadKuduPageTitle(java.lang.String, java.lang.String, java.lang.String, java.lang.String, java.lang.String, java.lang.reflect.Method)[pri:0, instance:com.bofa.BofATest@6615435c]" name="MadKuduPageTitle" duration-ms="16995" started-at="2023-04-14T12:33:43Z" data-provider="hardCodedBrowsers" finished-at="2023-04-14T12:34:00Z">
          <params>
            <param index="0">
              <value>
                <![CDATA[browser]]>
              </value>
            </param>
            <param index="1">
              <value>
                <![CDATA[safari]]>
              </value>
            </param>
            <param index="2">
              <value>
                <![CDATA[11.0]]>
              </value>
            </param>
            <param index="3">
              <value>
                <![CDATA[macOS 10.12]]>
              </value>
            </param>
            <param index="4">
              <value>
                <![CDATA[]]>
              </value>
            </param>
            <param index="5">
              <value>
                <![CDATA[public void com.bofa.BofATest.MadKuduPageTitle(java.lang.String,java.lang.String,java.lang.String,java.lang.String,java.lang.String,java.lang.reflect.Method) throws java.lang.Exception]]>
              </value>
            </param>
          </params>
          <reporter-output>
          </reporter-output>
        </test-method> <!-- MadKuduPageTitle -->
        <test-method status="PASS" signature="MadKuduPageTitle(java.lang.String, java.lang.String, java.lang.String, java.lang.String, java.lang.String, java.lang.reflect.Method)[pri:0, instance:com.bofa.BofATest@6615435c]" name="MadKuduPageTitle" duration-ms="12356" started-at="2023-04-14T12:33:43Z" data-provider="hardCodedBrowsers" finished-at="2023-04-14T12:33:55Z">
          <params>
            <param index="0">
              <value>
                <![CDATA[browser]]>
              </value>
            </param>
            <param index="1">
              <value>
                <![CDATA[internet explorer]]>
              </value>
            </param>
            <param index="2">
              <value>
                <![CDATA[11]]>
              </value>
            </param>
            <param index="3">
              <value>
                <![CDATA[Windows 8.1]]>
              </value>
            </param>
            <param index="4">
              <value>
                <![CDATA[]]>
              </value>
            </param>
            <param index="5">
              <value>
                <![CDATA[public void com.bofa.BofATest.MadKuduPageTitle(java.lang.String,java.lang.String,java.lang.String,java.lang.String,java.lang.String,java.lang.reflect.Method) throws java.lang.Exception]]>
              </value>
            </param>
          </params>
          <reporter-output>
          </reporter-output>
        </test-method> <!-- MadKuduPageTitle -->
        <test-method status="PASS" signature="MadKuduFunc(java.lang.String, java.lang.String, java.lang.String, java.lang.String, java.lang.String, java.lang.reflect.Method)[pri:0, instance:com.bofa.BofATest@6615435c]" name="MadKuduFunc" duration-ms="29036" started-at="2023-04-14T12:33:43Z" data-provider="hardCodedBrowsers" finished-at="2023-04-14T12:34:12Z">
          <params>
            <param index="0">
              <value>
                <![CDATA[device]]>
              </value>
            </param>
            <param index="1">
              <value>
                <![CDATA[]]>
              </value>
            </param>
            <param index="2">
              <value>
                <![CDATA[]]>
              </value>
            </param>
            <param index="3">
              <value>
                <![CDATA[iOS]]>
              </value>
            </param>
            <param index="4">
              <value>
                <![CDATA[iPhone.*]]>
              </value>
            </param>
            <param index="5">
              <value>
                <![CDATA[public void com.bofa.BofATest.MadKuduFunc(java.lang.String,java.lang.String,java.lang.String,java.lang.String,java.lang.String,java.lang.reflect.Method) throws java.lang.Exception]]>
              </value>
            </param>
          </params>
          <reporter-output>
          </reporter-output>
        </test-method> <!-- MadKuduFunc -->
        <test-method status="PASS" signature="tearDown(org.testng.ITestResult)[pri:0, instance:com.bofa.BofATest@6615435c]" name="tearDown" is-config="true" duration-ms="374" started-at="2023-04-14T12:33:55Z" finished-at="2023-04-14T12:33:55Z">
          <params>
            <param index="0">
              <value>
                <![CDATA[[TestResult name=MadKuduPageTitle status=SUCCESS method=BofATest.MadKuduPageTitle(java.lang.String, java.lang.String, java.lang.String, java.lang.String, java.lang.String, java.lang.reflect.Method)[pri:0, instance:com.bofa.BofATest@6615435c] output={null}]]]>
              </value>
            </param>
          </params>
          <reporter-output>
          </reporter-output>
        </test-method> <!-- tearDown -->
        <test-method status="PASS" signature="MadKuduPageTitle(java.lang.String, java.lang.String, java.lang.String, java.lang.String, java.lang.String, java.lang.reflect.Method)[pri:0, instance:com.bofa.BofATest@6615435c]" name="MadKuduPageTitle" duration-ms="24920" started-at="2023-04-14T12:33:55Z" data-provider="hardCodedBrowsers" finished-at="2023-04-14T12:34:20Z">
          <params>
            <param index="0">
              <value>
                <![CDATA[device]]>
              </value>
            </param>
            <param index="1">
              <value>
                <![CDATA[]]>
              </value>
            </param>
            <param index="2">
              <value>
                <![CDATA[]]>
              </value>
            </param>
            <param index="3">
              <value>
                <![CDATA[Android]]>
              </value>
            </param>
            <param index="4">
              <value>
                <![CDATA[Samsung.*]]>
              </value>
            </param>
            <param index="5">
              <value>
                <![CDATA[public void com.bofa.BofATest.MadKuduPageTitle(java.lang.String,java.lang.String,java.lang.String,java.lang.String,java.lang.String,java.lang.reflect.Method) throws java.lang.Exception]]>
              </value>
            </param>
          </params>
          <reporter-output>
          </reporter-output>
        </test-method> <!-- MadKuduPageTitle -->
        <test-method status="PASS" signature="tearDown(org.testng.ITestResult)[pri:0, instance:com.bofa.BofATest@6615435c]" name="tearDown" is-config="true" duration-ms="697" started-at="2023-04-14T12:33:59Z" finished-at="2023-04-14T12:34:00Z">
          <params>
            <param index="0">
              <value>
                <![CDATA[[TestResult name=MadKuduPageTitle status=SUCCESS method=BofATest.MadKuduPageTitle(java.lang.String, java.lang.String, java.lang.String, java.lang.String, java.lang.String, java.lang.reflect.Method)[pri:0, instance:com.bofa.BofATest@6615435c] output={null}]]]>
              </value>
            </param>
          </params>
          <reporter-output>
          </reporter-output>
        </test-method> <!-- tearDown -->
        <test-method status="PASS" signature="tearDown(org.testng.ITestResult)[pri:0, instance:com.bofa.BofATest@6615435c]" name="tearDown" is-config="true" duration-ms="2955" started-at="2023-04-14T12:34:00Z" finished-at="2023-04-14T12:34:03Z">
          <params>
            <param index="0">
              <value>
                <![CDATA[[TestResult name=MadKuduPageTitle status=SUCCESS method=BofATest.MadKuduPageTitle(java.lang.String, java.lang.String, java.lang.String, java.lang.String, java.lang.String, java.lang.reflect.Method)[pri:0, instance:com.bofa.BofATest@6615435c] output={null}]]]>
              </value>
            </param>
          </params>
          <reporter-output>
          </reporter-output>
        </test-method> <!-- tearDown -->
        <test-method status="PASS" signature="tearDown(org.testng.ITestResult)[pri:0, instance:com.bofa.BofATest@6615435c]" name="tearDown" is-config="true" duration-ms="494" started-at="2023-04-14T12:34:00Z" finished-at="2023-04-14T12:34:00Z">
          <params>
            <param index="0">
              <value>
                <![CDATA[[TestResult name=MadKuduPageTitle status=SUCCESS method=BofATest.MadKuduPageTitle(java.lang.String, java.lang.String, java.lang.String, java.lang.String, java.lang.String, java.lang.reflect.Method)[pri:0, instance:com.bofa.BofATest@6615435c] output={null}]]]>
              </value>
            </param>
          </params>
          <reporter-output>
          </reporter-output>
        </test-method> <!-- tearDown -->
        <test-method status="PASS" signature="MadKuduPageTitle(java.lang.String, java.lang.String, java.lang.String, java.lang.String, java.lang.String, java.lang.reflect.Method)[pri:0, instance:com.bofa.BofATest@6615435c]" name="MadKuduPageTitle" duration-ms="29159" started-at="2023-04-14T12:34:00Z" data-provider="hardCodedBrowsers" finished-at="2023-04-14T12:34:29Z">
          <params>
            <param index="0">
              <value>
                <![CDATA[device]]>
              </value>
            </param>
            <param index="1">
              <value>
                <![CDATA[]]>
              </value>
            </param>
            <param index="2">
              <value>
                <![CDATA[]]>
              </value>
            </param>
            <param index="3">
              <value>
                <![CDATA[iOS]]>
              </value>
            </param>
            <param index="4">
              <value>
                <![CDATA[iPhone.*]]>
              </value>
            </param>
            <param index="5">
              <value>
                <![CDATA[public void com.bofa.BofATest.MadKuduPageTitle(java.lang.String,java.lang.String,java.lang.String,java.lang.String,java.lang.String,java.lang.reflect.Method) throws java.lang.Exception]]>
              </value>
            </param>
          </params>
          <reporter-output>
          </reporter-output>
        </test-method> <!-- MadKuduPageTitle -->
        <test-method status="PASS" signature="tearDown(org.testng.ITestResult)[pri:0, instance:com.bofa.BofATest@6615435c]" name="tearDown" is-config="true" duration-ms="577" started-at="2023-04-14T12:34:00Z" finished-at="2023-04-14T12:34:01Z">
          <params>
            <param index="0">
              <value>
                <![CDATA[[TestResult name=MadKuduFunc status=SUCCESS method=BofATest.MadKuduFunc(java.lang.String, java.lang.String, java.lang.String, java.lang.String, java.lang.String, java.lang.reflect.Method)[pri:0, instance:com.bofa.BofATest@6615435c] output={null}]]]>
              </value>
            </param>
          </params>
          <reporter-output>
          </reporter-output>
        </test-method> <!-- tearDown -->
        <test-method status="PASS" signature="MadKuduFunc(java.lang.String, java.lang.String, java.lang.String, java.lang.String, java.lang.String, java.lang.reflect.Method)[pri:0, instance:com.bofa.BofATest@6615435c]" name="MadKuduFunc" duration-ms="45142" started-at="2023-04-14T12:34:01Z" data-provider="hardCodedBrowsers" finished-at="2023-04-14T12:34:46Z">
          <params>
            <param index="0">
              <value>
                <![CDATA[device]]>
              </value>
            </param>
            <param index="1">
              <value>
                <![CDATA[]]>
              </value>
            </param>
            <param index="2">
              <value>
                <![CDATA[]]>
              </value>
            </param>
            <param index="3">
              <value>
                <![CDATA[Android]]>
              </value>
            </param>
            <param index="4">
              <value>
                <![CDATA[Samsung.*]]>
              </value>
            </param>
            <param index="5">
              <value>
                <![CDATA[public void com.bofa.BofATest.MadKuduFunc(java.lang.String,java.lang.String,java.lang.String,java.lang.String,java.lang.String,java.lang.reflect.Method) throws java.lang.Exception]]>
              </value>
            </param>
          </params>
          <reporter-output>
          </reporter-output>
        </test-method> <!-- MadKuduFunc -->
        <test-method status="PASS" signature="tearDown(org.testng.ITestResult)[pri:0, instance:com.bofa.BofATest@6615435c]" name="tearDown" is-config="true" duration-ms="719" started-at="2023-04-14T12:34:01Z" finished-at="2023-04-14T12:34:02Z">
          <params>
            <param index="0">
              <value>
                <![CDATA[[TestResult name=MadKuduPageTitle status=SUCCESS method=BofATest.MadKuduPageTitle(java.lang.String, java.lang.String, java.lang.String, java.lang.String, java.lang.String, java.lang.reflect.Method)[pri:0, instance:com.bofa.BofATest@6615435c] output={null}]]]>
              </value>
            </param>
          </params>
          <reporter-output>
          </reporter-output>
        </test-method> <!-- tearDown -->
        <test-method status="PASS" signature="tearDown(org.testng.ITestResult)[pri:0, instance:com.bofa.BofATest@6615435c]" name="tearDown" is-config="true" duration-ms="398" started-at="2023-04-14T12:34:01Z" finished-at="2023-04-14T12:34:02Z">
          <params>
            <param index="0">
              <value>
                <![CDATA[[TestResult name=MadKuduPageTitle status=SUCCESS method=BofATest.MadKuduPageTitle(java.lang.String, java.lang.String, java.lang.String, java.lang.String, java.lang.String, java.lang.reflect.Method)[pri:0, instance:com.bofa.BofATest@6615435c] output={null}]]]>
              </value>
            </param>
          </params>
          <reporter-output>
          </reporter-output>
        </test-method> <!-- tearDown -->
        <test-method status="PASS" signature="tearDown(org.testng.ITestResult)[pri:0, instance:com.bofa.BofATest@6615435c]" name="tearDown" is-config="true" duration-ms="790" started-at="2023-04-14T12:34:02Z" finished-at="2023-04-14T12:34:02Z">
          <params>
            <param index="0">
              <value>
                <![CDATA[[TestResult name=MadKuduFunc status=SUCCESS method=BofATest.MadKuduFunc(java.lang.String, java.lang.String, java.lang.String, java.lang.String, java.lang.String, java.lang.reflect.Method)[pri:0, instance:com.bofa.BofATest@6615435c] output={null}]]]>
              </value>
            </param>
          </params>
          <reporter-output>
          </reporter-output>
        </test-method> <!-- tearDown -->
        <test-method status="PASS" signature="MadKuduFunc(java.lang.String, java.lang.String, java.lang.String, java.lang.String, java.lang.String, java.lang.reflect.Method)[pri:0, instance:com.bofa.BofATest@6615435c]" name="MadKuduFunc" duration-ms="33475" started-at="2023-04-14T12:34:02Z" data-provider="hardCodedBrowsers" finished-at="2023-04-14T12:34:36Z">
          <params>
            <param index="0">
              <value>
                <![CDATA[device]]>
              </value>
            </param>
            <param index="1">
              <value>
                <![CDATA[]]>
              </value>
            </param>
            <param index="2">
              <value>
                <![CDATA[]]>
              </value>
            </param>
            <param index="3">
              <value>
                <![CDATA[iOS]]>
              </value>
            </param>
            <param index="4">
              <value>
                <![CDATA[iPhone.*]]>
              </value>
            </param>
            <param index="5">
              <value>
                <![CDATA[public void com.bofa.BofATest.MadKuduFunc(java.lang.String,java.lang.String,java.lang.String,java.lang.String,java.lang.String,java.lang.reflect.Method) throws java.lang.Exception]]>
              </value>
            </param>
          </params>
          <reporter-output>
          </reporter-output>
        </test-method> <!-- MadKuduFunc -->
        <test-method status="PASS" signature="tearDown(org.testng.ITestResult)[pri:0, instance:com.bofa.BofATest@6615435c]" name="tearDown" is-config="true" duration-ms="488" started-at="2023-04-14T12:34:04Z" finished-at="2023-04-14T12:34:05Z">
          <params>
            <param index="0">
              <value>
                <![CDATA[[TestResult name=MadKuduFunc status=SUCCESS method=BofATest.MadKuduFunc(java.lang.String, java.lang.String, java.lang.String, java.lang.String, java.lang.String, java.lang.reflect.Method)[pri:0, instance:com.bofa.BofATest@6615435c] output={null}]]]>
              </value>
            </param>
          </params>
          <reporter-output>
          </reporter-output>
        </test-method> <!-- tearDown -->
        <test-method status="PASS" signature="tearDown(org.testng.ITestResult)[pri:0, instance:com.bofa.BofATest@6615435c]" name="tearDown" is-config="true" duration-ms="628" started-at="2023-04-14T12:34:06Z" finished-at="2023-04-14T12:34:07Z">
          <params>
            <param index="0">
              <value>
                <![CDATA[[TestResult name=MadKuduFunc status=SUCCESS method=BofATest.MadKuduFunc(java.lang.String, java.lang.String, java.lang.String, java.lang.String, java.lang.String, java.lang.reflect.Method)[pri:0, instance:com.bofa.BofATest@6615435c] output={null}]]]>
              </value>
            </param>
          </params>
          <reporter-output>
          </reporter-output>
        </test-method> <!-- tearDown -->
        <test-method status="PASS" signature="tearDown(org.testng.ITestResult)[pri:0, instance:com.bofa.BofATest@6615435c]" name="tearDown" is-config="true" duration-ms="732" started-at="2023-04-14T12:34:07Z" finished-at="2023-04-14T12:34:08Z">
          <params>
            <param index="0">
              <value>
                <![CDATA[[TestResult name=MadKuduFunc status=SUCCESS method=BofATest.MadKuduFunc(java.lang.String, java.lang.String, java.lang.String, java.lang.String, java.lang.String, java.lang.reflect.Method)[pri:0, instance:com.bofa.BofATest@6615435c] output={null}]]]>
              </value>
            </param>
          </params>
          <reporter-output>
          </reporter-output>
        </test-method> <!-- tearDown -->
        <test-method status="PASS" signature="tearDown(org.testng.ITestResult)[pri:0, instance:com.bofa.BofATest@6615435c]" name="tearDown" is-config="true" duration-ms="475" started-at="2023-04-14T12:34:10Z" finished-at="2023-04-14T12:34:11Z">
          <params>
            <param index="0">
              <value>
                <![CDATA[[TestResult name=MadKuduPageTitle status=SUCCESS method=BofATest.MadKuduPageTitle(java.lang.String, java.lang.String, java.lang.String, java.lang.String, java.lang.String, java.lang.reflect.Method)[pri:0, instance:com.bofa.BofATest@6615435c] output={null}]]]>
              </value>
            </param>
          </params>
          <reporter-output>
          </reporter-output>
        </test-method> <!-- tearDown -->
        <test-method status="PASS" signature="tearDown(org.testng.ITestResult)[pri:0, instance:com.bofa.BofATest@6615435c]" name="tearDown" is-config="true" duration-ms="509" started-at="2023-04-14T12:34:11Z" finished-at="2023-04-14T12:34:11Z">
          <params>
            <param index="0">
              <value>
                <![CDATA[[TestResult name=MadKuduFunc status=SUCCESS method=BofATest.MadKuduFunc(java.lang.String, java.lang.String, java.lang.String, java.lang.String, java.lang.String, java.lang.reflect.Method)[pri:0, instance:com.bofa.BofATest@6615435c] output={null}]]]>
              </value>
            </param>
          </params>
          <reporter-output>
          </reporter-output>
        </test-method> <!-- tearDown -->
        <test-method status="PASS" signature="tearDown(org.testng.ITestResult)[pri:0, instance:com.bofa.BofATest@6615435c]" name="tearDown" is-config="true" duration-ms="747" started-at="2023-04-14T12:34:11Z" finished-at="2023-04-14T12:34:12Z">
          <params>
            <param index="0">
              <value>
                <![CDATA[[TestResult name=MadKuduPageTitle status=SUCCESS method=BofATest.MadKuduPageTitle(java.lang.String, java.lang.String, java.lang.String, java.lang.String, java.lang.String, java.lang.reflect.Method)[pri:0, instance:com.bofa.BofATest@6615435c] output={null}]]]>
              </value>
            </param>
          </params>
          <reporter-output>
          </reporter-output>
        </test-method> <!-- tearDown -->
        <test-method status="PASS" signature="tearDown(org.testng.ITestResult)[pri:0, instance:com.bofa.BofATest@6615435c]" name="tearDown" is-config="true" duration-ms="1391" started-at="2023-04-14T12:34:12Z" finished-at="2023-04-14T12:34:13Z">
          <params>
            <param index="0">
              <value>
                <![CDATA[[TestResult name=MadKuduFunc status=SUCCESS method=BofATest.MadKuduFunc(java.lang.String, java.lang.String, java.lang.String, java.lang.String, java.lang.String, java.lang.reflect.Method)[pri:0, instance:com.bofa.BofATest@6615435c] output={null}]]]>
              </value>
            </param>
          </params>
          <reporter-output>
          </reporter-output>
        </test-method> <!-- tearDown -->
        <test-method status="PASS" signature="tearDown(org.testng.ITestResult)[pri:0, instance:com.bofa.BofATest@6615435c]" name="tearDown" is-config="true" duration-ms="509" started-at="2023-04-14T12:34:12Z" finished-at="2023-04-14T12:34:13Z">
          <params>
            <param index="0">
              <value>
                <![CDATA[[TestResult name=MadKuduFunc status=SUCCESS method=BofATest.MadKuduFunc(java.lang.String, java.lang.String, java.lang.String, java.lang.String, java.lang.String, java.lang.reflect.Method)[pri:0, instance:com.bofa.BofATest@6615435c] output={null}]]]>
              </value>
            </param>
          </params>
          <reporter-output>
          </reporter-output>
        </test-method> <!-- tearDown -->
        <test-method status="PASS" signature="tearDown(org.testng.ITestResult)[pri:0, instance:com.bofa.BofATest@6615435c]" name="tearDown" is-config="true" duration-ms="655" started-at="2023-04-14T12:34:20Z" finished-at="2023-04-14T12:34:21Z">
          <params>
            <param index="0">
              <value>
                <![CDATA[[TestResult name=MadKuduPageTitle status=SUCCESS method=BofATest.MadKuduPageTitle(java.lang.String, java.lang.String, java.lang.String, java.lang.String, java.lang.String, java.lang.reflect.Method)[pri:0, instance:com.bofa.BofATest@6615435c] output={null}]]]>
              </value>
            </param>
          </params>
          <reporter-output>
          </reporter-output>
        </test-method> <!-- tearDown -->
        <test-method status="PASS" signature="tearDown(org.testng.ITestResult)[pri:0, instance:com.bofa.BofATest@6615435c]" name="tearDown" is-config="true" duration-ms="749" started-at="2023-04-14T12:34:21Z" finished-at="2023-04-14T12:34:22Z">
          <params>
            <param index="0">
              <value>
                <![CDATA[[TestResult name=MadKuduFunc status=SUCCESS method=BofATest.MadKuduFunc(java.lang.String, java.lang.String, java.lang.String, java.lang.String, java.lang.String, java.lang.reflect.Method)[pri:0, instance:com.bofa.BofATest@6615435c] output={null}]]]>
              </value>
            </param>
          </params>
          <reporter-output>
          </reporter-output>
        </test-method> <!-- tearDown -->
        <test-method status="PASS" signature="tearDown(org.testng.ITestResult)[pri:0, instance:com.bofa.BofATest@6615435c]" name="tearDown" is-config="true" duration-ms="1425" started-at="2023-04-14T12:34:29Z" finished-at="2023-04-14T12:34:30Z">
          <params>
            <param index="0">
              <value>
                <![CDATA[[TestResult name=MadKuduPageTitle status=SUCCESS method=BofATest.MadKuduPageTitle(java.lang.String, java.lang.String, java.lang.String, java.lang.String, java.lang.String, java.lang.reflect.Method)[pri:0, instance:com.bofa.BofATest@6615435c] output={null}]]]>
              </value>
            </param>
          </params>
          <reporter-output>
          </reporter-output>
        </test-method> <!-- tearDown -->
        <test-method status="PASS" signature="tearDown(org.testng.ITestResult)[pri:0, instance:com.bofa.BofATest@6615435c]" name="tearDown" is-config="true" duration-ms="1377" started-at="2023-04-14T12:34:36Z" finished-at="2023-04-14T12:34:37Z">
          <params>
            <param index="0">
              <value>
                <![CDATA[[TestResult name=MadKuduFunc status=SUCCESS method=BofATest.MadKuduFunc(java.lang.String, java.lang.String, java.lang.String, java.lang.String, java.lang.String, java.lang.reflect.Method)[pri:0, instance:com.bofa.BofATest@6615435c] output={null}]]]>
              </value>
            </param>
          </params>
          <reporter-output>
          </reporter-output>
        </test-method> <!-- tearDown -->
        <test-method status="PASS" signature="tearDown(org.testng.ITestResult)[pri:0, instance:com.bofa.BofATest@6615435c]" name="tearDown" is-config="true" duration-ms="1016" started-at="2023-04-14T12:34:46Z" finished-at="2023-04-14T12:34:47Z">
          <params>
            <param index="0">
              <value>
                <![CDATA[[TestResult name=MadKuduFunc status=SUCCESS method=BofATest.MadKuduFunc(java.lang.String, java.lang.String, java.lang.String, java.lang.String, java.lang.String, java.lang.reflect.Method)[pri:0, instance:com.bofa.BofATest@6615435c] output={null}]]]>
              </value>
            </param>
          </params>
          <reporter-output>
          </reporter-output>
        </test-method> <!-- tearDown -->
        <test-method status="PASS" signature="tearDown(org.testng.ITestResult)[pri:0, instance:com.bofa.BofATest@6615435c]" name="tearDown" is-config="true" duration-ms="813" started-at="2023-04-14T12:34:51Z" finished-at="2023-04-14T12:34:51Z">
          <params>
            <param index="0">
              <value>
                <![CDATA[[TestResult name=MadKuduPageTitle status=SUCCESS method=BofATest.MadKuduPageTitle(java.lang.String, java.lang.String, java.lang.String, java.lang.String, java.lang.String, java.lang.reflect.Method)[pri:0, instance:com.bofa.BofATest@6615435c] output={null}]]]>
              </value>
            </param>
          </params>
          <reporter-output>
          </reporter-output>
        </test-method> <!-- tearDown -->
        <test-method status="PASS" signature="tearDown(org.testng.ITestResult)[pri:0, instance:com.bofa.BofATest@6615435c]" name="tearDown" is-config="true" duration-ms="1360" started-at="2023-04-14T12:35:25Z" finished-at="2023-04-14T12:35:26Z">
          <params>
            <param index="0">
              <value>
                <![CDATA[[TestResult name=MadKuduPageTitle status=SUCCESS method=BofATest.MadKuduPageTitle(java.lang.String, java.lang.String, java.lang.String, java.lang.String, java.lang.String, java.lang.reflect.Method)[pri:0, instance:com.bofa.BofATest@6615435c] output={null}]]]>
              </value>
            </param>
          </params>
          <reporter-output>
          </reporter-output>
        </test-method> <!-- tearDown -->
        <test-method status="PASS" signature="tearDown(org.testng.ITestResult)[pri:0, instance:com.bofa.BofATest@6615435c]" name="tearDown" is-config="true" duration-ms="572" started-at="2023-04-14T12:36:29Z" finished-at="2023-04-14T12:36:30Z">
          <params>
            <param index="0">
              <value>
                <![CDATA[[TestResult name=MadKuduFunc status=SUCCESS method=BofATest.MadKuduFunc(java.lang.String, java.lang.String, java.lang.String, java.lang.String, java.lang.String, java.lang.reflect.Method)[pri:0, instance:com.bofa.BofATest@6615435c] output={null}]]]>
              </value>
            </param>
          </params>
          <reporter-output>
          </reporter-output>
        </test-method> <!-- tearDown -->
      </class> <!-- com.bofa.BofATest -->
    </test> <!-- Surefire test -->
  </suite> <!-- Surefire suite -->
</testng-results>
