<?xml version="1.0" encoding="UTF-8"?>
<testsuite xmlns:xsi="http://www.w3.org/2001/XMLSchema-instance" xsi:schemaLocation="https://maven.apache.org/surefire/maven-surefire-plugin/xsd/surefire-test-report.xsd" name="com.cnn.CNNTest" time="333.553" tests="4" errors="0" skipped="0" failures="4">
  <properties>
[...]
</properties>
  <testcase name="CNNPageTitle" classname="com.cnn.CNNTest" time="57.317">
    <failure message="Reached error page: about:neterror?e=nssFailure2&amp;u=https%3A//www.cnn.com/&amp;c=UTF-8&amp;d=The%20connection%20to%20www.cnn.com%20was%20interrupted%20while%20the%20page%20was%20loading.&#10;Build info: version: &apos;3.14.0&apos;, revision: &apos;aacccce0&apos;, time: &apos;2018-08-02T20:19:58.91Z&apos;&#10;System info: host: &apos;SL-1549.local&apos;, ip: &apos;fe80:0:0:0:c26:6951:dd7a:db7c%en0&apos;, os.name: &apos;Mac OS X&apos;, os.arch: &apos;x86_64&apos;, os.version: &apos;10.16&apos;, java.version: &apos;1.8.0_271&apos;&#10;Driver info: org.openqa.selenium.remote.RemoteWebDriver&#10;Capabilities {acceptInsecureCerts: false, browserName: firefox, browserVersion: 97.0, javascriptEnabled: true, moz:accessibilityChecks: false, moz:buildID: 20220202182137, moz:geckodriverVersion: 0.30.0, moz:headless: false, moz:processID: 3476, moz:profile: C:\Users\sauce\AppData\Loca..., moz:shutdownTimeout: 60000, moz:useNonSpecCompliantPointerOrigin: false, moz:webdriverClick: true, pageLoadStrategy: normal, platform: WINDOWS, platformName: WINDOWS, platformVersion: 10.0, proxy: Proxy(pac: http://127.0.0.1..., selenium:webdriver.remote.quietExceptions: false, setWindowRect: true, strictFileInteractability: false, timeouts: {implicit: 0, pageLoad: 300000, script: 90000}, unhandledPromptBehavior: dismiss and notify, webdriver.remote.sessionid: e68e95df-df5c-4a08-bb19-8ce...}&#10;Session ID: ef2c25c91a5b4ebeb924b106dec216c7" type="org.openqa.selenium.WebDriverException"><![CDATA[org.openqa.selenium.WebDriverException: 
Reached error page: about:neterror?e=nssFailure2&u=https%3A//www.cnn.com/&c=UTF-8&d=The%20connection%20to%20www.cnn.com%20was%20interrupted%20while%20the%20page%20was%20loading.
Build info: version: '3.14.0', revision: 'aacccce0', time: '2018-08-02T20:19:58.91Z'
System info: host: 'SL-1549.local', ip: 'fe80:0:0:0:c26:6951:dd7a:db7c%en0', os.name: 'Mac OS X', os.arch: 'x86_64', os.version: '10.16', java.version: '1.8.0_271'
Driver info: org.openqa.selenium.remote.RemoteWebDriver
Capabilities {acceptInsecureCerts: false, browserName: firefox, browserVersion: 97.0, javascriptEnabled: true, moz:accessibilityChecks: false, moz:buildID: 20220202182137, moz:geckodriverVersion: 0.30.0, moz:headless: false, moz:processID: 3476, moz:profile: C:\Users\sauce\AppData\Loca..., moz:shutdownTimeout: 60000, moz:useNonSpecCompliantPointerOrigin: false, moz:webdriverClick: true, pageLoadStrategy: normal, platform: WINDOWS, platformName: WINDOWS, platformVersion: 10.0, proxy: Proxy(pac: http://127.0.0.1..., selenium:webdriver.remote.quietExceptions: false, setWindowRect: true, strictFileInteractability: false, timeouts: {implicit: 0, pageLoad: 300000, script: 90000}, unhandledPromptBehavior: dismiss and notify, webdriver.remote.sessionid: e68e95df-df5c-4a08-bb19-8ce...}
Session ID: ef2c25c91a5b4ebeb924b106dec216c7
	at com.cnn.CNNTest.CNNPageTitle(CNNTest.java:134)
]]></failure>
    <system-out><![CDATA[WebDriverRemoteWebDriver: chrome on WINDOWS (a0ffa5a6208746fb80695f327b9ffa41)
SauceOnDemandSessionID=a0ffa5a6208746fb80695f327b9ffa41 job-name=CNNSports
WebDriverRemoteWebDriver: chrome on WINDOWS (a0ffa5a6208746fb80695f327b9ffa41)
WebDriverRemoteWebDriver: chrome on WINDOWS (f1e353bf056144b88cd27c75e21febab)
SauceOnDemandSessionID=f1e353bf056144b88cd27c75e21febab job-name=CNNPageTitle
WebDriverRemoteWebDriver: chrome on WINDOWS (f1e353bf056144b88cd27c75e21febab)
WebDriverRemoteWebDriver: firefox on WINDOWS (93215b6611f5472cac2151e138f4fb22)
SauceOnDemandSessionID=93215b6611f5472cac2151e138f4fb22 job-name=CNNSports
WebDriverRemoteWebDriver: firefox on WINDOWS (93215b6611f5472cac2151e138f4fb22)
WebDriverRemoteWebDriver: firefox on WINDOWS (ef2c25c91a5b4ebeb924b106dec216c7)
SauceOnDemandSessionID=ef2c25c91a5b4ebeb924b106dec216c7 job-name=CNNPageTitle
WebDriverRemoteWebDriver: firefox on WINDOWS (ef2c25c91a5b4ebeb924b106dec216c7)
]]></system-out>
    <system-err><![CDATA[Feb 23, 2022 9:44:36 AM org.openqa.selenium.remote.ProtocolHandshake createSession
INFO: Detected dialect: W3C
Feb 23, 2022 9:44:36 AM org.openqa.selenium.remote.ProtocolHandshake createSession
INFO: Detected dialect: W3C
Feb 23, 2022 9:44:39 AM org.openqa.selenium.remote.ProtocolHandshake createSession
INFO: Detected dialect: W3C
Feb 23, 2022 9:45:14 AM org.openqa.selenium.remote.ProtocolHandshake createSession
INFO: Detected dialect: W3C
]]></system-err>
  </testcase>
  <testcase name="CNNPageTitle" classname="com.cnn.CNNTest" time="332.643">
    <failure message="2 visual regressions found. Test failed.&#10;&#10;View report: https://screener.io/v2/dashboard/620c18ecf799877d1ab4e245/(default) expected [true] but found [false]" type="java.lang.AssertionError">java.lang.AssertionError: 
2 visual regressions found. Test failed.

View report: https://screener.io/v2/dashboard/620c18ecf799877d1ab4e245/(default) expected [true] but found [false]
	at com.cnn.CNNTest.CNNPageTitle(CNNTest.java:145)
</failure>
  </testcase>
  <testcase name="CNNSports" classname="com.cnn.CNNTest" time="223.942">
    <failure message="2 visual regressions found. Test failed.&#10;&#10;View report: https://screener.io/v2/dashboard/620c18ecf799877d1ab4e245/(default) expected [true] but found [false]" type="java.lang.AssertionError">java.lang.AssertionError: 
2 visual regressions found. Test failed.

View report: https://screener.io/v2/dashboard/620c18ecf799877d1ab4e245/(default) expected [true] but found [false]
	at com.cnn.CNNTest.CNNSports(CNNTest.java:162)
</failure>
  </testcase>
  <testcase name="CNNSports" classname="com.cnn.CNNTest" time="233.291">
    <failure message="2 visual regressions found. Test failed.&#10;&#10;View report: https://screener.io/v2/dashboard/620c18ecf799877d1ab4e245/(default) expected [true] but found [false]" type="java.lang.AssertionError">java.lang.AssertionError: 
2 visual regressions found. Test failed.

View report: https://screener.io/v2/dashboard/620c18ecf799877d1ab4e245/(default) expected [true] but found [false]
	at com.cnn.CNNTest.CNNSports(CNNTest.java:162)
</failure>
  </testcase>
</testsuite>