<?xml version="1.0" encoding="UTF-8"?>
<testsuite xmlns:xsi="http://www.w3.org/2001/XMLSchema-instance" xsi:schemaLocation="https://maven.apache.org/surefire/maven-surefire-plugin/xsd/surefire-test-report.xsd" name="com.yourcompany.SampleSauceTest" time="51.949" tests="50" errors="0" skipped="0" failures="4">
  <properties>
[...]
</properties>
  <testcase name="demoPageTitle" classname="com.yourcompany.SampleSauceTest" time="8.279"/>
  <testcase name="demoPageTitle" classname="com.yourcompany.SampleSauceTest" time="10.011"/>
  <testcase name="demoPageTitle" classname="com.yourcompany.SampleSauceTest" time="11.863"/>
  <testcase name="demoPageTitle" classname="com.yourcompany.SampleSauceTest" time="12.496"/>
  <testcase name="demoPageTitle" classname="com.yourcompany.SampleSauceTest" time="15.401"/>
  <testcase name="demoPageTitle" classname="com.yourcompany.SampleSauceTest" time="17.342"/>
  <testcase name="demoPageTitle" classname="com.yourcompany.SampleSauceTest" time="17.921"/>
  <testcase name="demoPageTitle" classname="com.yourcompany.SampleSauceTest" time="22.726"/>
  <testcase name="demoPageTitle" classname="com.yourcompany.SampleSauceTest" time="28.703"/>
  <testcase name="demoPageTitle" classname="com.yourcompany.SampleSauceTest" time="32.553"/>
  <testcase name="problemLoginFlow" classname="com.yourcompany.SampleSauceTest" time="10.816"/>
  <testcase name="problemLoginFlow" classname="com.yourcompany.SampleSauceTest" time="12.68"/>
  <testcase name="problemLoginFlow" classname="com.yourcompany.SampleSauceTest" time="12.972"/>
  <testcase name="problemLoginFlow" classname="com.yourcompany.SampleSauceTest" time="13.665">
    <failure message="&#10;For documentation on this error, please visit: http://seleniumhq.org/exceptions/no_such_element.html&#10;Build info: version: &apos;3.14.0&apos;, revision: &apos;aacccce0&apos;, time: &apos;2018-08-02T20:13:22.693Z&apos;&#10;System info: host: &apos;itako8394.prod.miso&apos;, ip: &apos;fe80:0:0:0:189b:48d1:2321:169f%en0&apos;, os.name: &apos;Mac OS X&apos;, os.arch: &apos;x86_64&apos;, os.version: &apos;10.13.6&apos;, java.version: &apos;9.0.4&apos;&#10;Driver info: driver.version: unknown&#10;Command duration or timeout: 0 milliseconds" type="org.openqa.selenium.NoSuchElementException">org.openqa.selenium.NoSuchElementException: 

For documentation on this error, please visit: http://seleniumhq.org/exceptions/no_such_element.html
Build info: version: '3.14.0', revision: 'aacccce0', time: '2018-08-02T20:13:22.693Z'
System info: host: 'itako8394.prod.miso', ip: 'fe80:0:0:0:189b:48d1:2321:169f%en0', os.name: 'Mac OS X', os.arch: 'x86_64', os.version: '10.13.6', java.version: '9.0.4'
Driver info: driver.version: unknown
Command duration or timeout: 0 milliseconds
	at com.yourcompany.SampleSauceTest.problemLoginFlow(SampleSauceTest.java:189)
Caused by: org.openqa.selenium.NoSuchElementException: 

For documentation on this error, please visit: http://seleniumhq.org/exceptions/no_such_element.html
Build info: version: '3.14.0', revision: 'aacccce0', time: '2018-08-02T20:13:22.693Z'
System info: host: 'itako8394.prod.miso', ip: 'fe80:0:0:0:189b:48d1:2321:169f%en0', os.name: 'Mac OS X', os.arch: 'x86_64', os.version: '10.13.6', java.version: '9.0.4'
Driver info: driver.version: unknown
For documentation on this error, please visit: http://seleniumhq.org/exceptions/no_such_element.html
Build info: version: '3.14.0', revision: 'aacccce0', time: '2018-08-02T20:19:58.91Z'
System info: host: 'SL-1549.local', ip: '127.0.0.1', os.name: 'Mac OS X', os.arch: 'x86_64', os.version: '10.15.7', java.version: '1.8.0_271'
Driver info: driver.version: unknown
</failure>
    <system-out><![CDATA[WebDriverRemoteWebDriver: chrome on MAC (f6057bb424d844f8a198510ebae07fa9)
SauceOnDemandSessionID=f6057bb424d844f8a198510ebae07fa9 job-name=validLoginFlow
]]></system-out>
    <system-err><![CDATA[Dec 29, 2020 3:01:25 PM org.openqa.selenium.remote.ProtocolHandshake createSession
INFO: Detected dialect: OSS
]]></system-err>
  </testcase>
  <testcase name="problemLoginFlow" classname="com.yourcompany.SampleSauceTest" time="14.435"/>
  <testcase name="problemLoginFlow" classname="com.yourcompany.SampleSauceTest" time="20.432"/>
  <testcase name="problemLoginFlow" classname="com.yourcompany.SampleSauceTest" time="21.458"/>
  <testcase name="problemLoginFlow" classname="com.yourcompany.SampleSauceTest" time="25.683"/>
  <testcase name="problemLoginFlow" classname="com.yourcompany.SampleSauceTest" time="46.966"/>
  <testcase name="problemLoginFlow" classname="com.yourcompany.SampleSauceTest" time="48.085"/>
  <testcase name="validLoginFlow" classname="com.yourcompany.SampleSauceTest" time="11.435"/>
  <testcase name="validLoginFlow" classname="com.yourcompany.SampleSauceTest" time="11.91"/>
  <testcase name="validLoginFlow" classname="com.yourcompany.SampleSauceTest" time="12.815"/>
  <testcase name="validLoginFlow" classname="com.yourcompany.SampleSauceTest" time="14.94"/>
  <testcase name="validLoginFlow" classname="com.yourcompany.SampleSauceTest" time="16.183">
    <failure message="&#10;For documentation on this error, please visit: http://seleniumhq.org/exceptions/no_such_element.html&#10;Build info: version: &apos;3.14.0&apos;, revision: &apos;aacccce0&apos;, time: &apos;2018-08-02T20:13:22.693Z&apos;&#10;System info: host: &apos;itako5707.prod.miso&apos;, ip: &apos;fe80:0:0:0:1494:18be:53de:6a25%en0&apos;, os.name: &apos;Mac OS X&apos;, os.arch: &apos;x86_64&apos;, os.version: &apos;10.13.6&apos;, java.version: &apos;9.0.4&apos;&#10;Driver info: driver.version: unknown&#10;Command duration or timeout: 0 milliseconds" type="org.openqa.selenium.NoSuchElementException">org.openqa.selenium.NoSuchElementException: 

For documentation on this error, please visit: http://seleniumhq.org/exceptions/no_such_element.html
Build info: version: '3.14.0', revision: 'aacccce0', time: '2018-08-02T20:13:22.693Z'
System info: host: 'itako5707.prod.miso', ip: 'fe80:0:0:0:1494:18be:53de:6a25%en0', os.name: 'Mac OS X', os.arch: 'x86_64', os.version: '10.13.6', java.version: '9.0.4'
Driver info: driver.version: unknown
Command duration or timeout: 0 milliseconds
	at com.yourcompany.SampleSauceTest.validLoginFlow(SampleSauceTest.java:181)
Caused by: org.openqa.selenium.NoSuchElementException: 

For documentation on this error, please visit: http://seleniumhq.org/exceptions/no_such_element.html
Build info: version: '3.14.0', revision: 'aacccce0', time: '2018-08-02T20:13:22.693Z'
System info: host: 'itako5707.prod.miso', ip: 'fe80:0:0:0:1494:18be:53de:6a25%en0', os.name: 'Mac OS X', os.arch: 'x86_64', os.version: '10.13.6', java.version: '9.0.4'
Driver info: driver.version: unknown
For documentation on this error, please visit: http://seleniumhq.org/exceptions/no_such_element.html
Build info: version: '3.14.0', revision: 'aacccce0', time: '2018-08-02T20:19:58.91Z'
System info: host: 'SL-1549.local', ip: '127.0.0.1', os.name: 'Mac OS X', os.arch: 'x86_64', os.version: '10.15.7', java.version: '1.8.0_271'
Driver info: driver.version: unknown
</failure>
    <system-out><![CDATA[WebDriverRemoteWebDriver: firefox on ANY (117c8c7366df4c5caac2f0ab7d85d03c)
SauceOnDemandSessionID=117c8c7366df4c5caac2f0ab7d85d03c job-name=invalidLoginFlow
WebDriverRemoteWebDriver: firefox on ANY (e41bd764c71d467485661f290954ba24)
SauceOnDemandSessionID=e41bd764c71d467485661f290954ba24 job-name=validLoginFlow
]]></system-out>
    <system-err><![CDATA[Dec 29, 2020 3:01:28 PM org.openqa.selenium.remote.ProtocolHandshake createSession
INFO: Detected dialect: OSS
Dec 29, 2020 3:01:28 PM org.openqa.selenium.remote.ProtocolHandshake createSession
INFO: Detected dialect: OSS
]]></system-err>
  </testcase>
  <testcase name="validLoginFlow" classname="com.yourcompany.SampleSauceTest" time="19.767"/>
  <testcase name="validLoginFlow" classname="com.yourcompany.SampleSauceTest" time="19.923"/>
  <testcase name="validLoginFlow" classname="com.yourcompany.SampleSauceTest" time="37.063"/>
  <testcase name="validLoginFlow" classname="com.yourcompany.SampleSauceTest" time="49.067"/>
  <testcase name="validLoginFlow" classname="com.yourcompany.SampleSauceTest" time="50.835"/>
  <testcase name="lockedOutLoginFlow" classname="com.yourcompany.SampleSauceTest" time="11.567"/>
  <testcase name="lockedOutLoginFlow" classname="com.yourcompany.SampleSauceTest" time="13.008"/>
  <testcase name="lockedOutLoginFlow" classname="com.yourcompany.SampleSauceTest" time="14.476"/>
  <testcase name="lockedOutLoginFlow" classname="com.yourcompany.SampleSauceTest" time="20.123"/>
  <testcase name="lockedOutLoginFlow" classname="com.yourcompany.SampleSauceTest" time="22.548"/>
  <testcase name="lockedOutLoginFlow" classname="com.yourcompany.SampleSauceTest" time="23.413"/>
  <testcase name="lockedOutLoginFlow" classname="com.yourcompany.SampleSauceTest" time="29.353">
    <failure message="Expected condition failed: waiting for visibility of element located by By.cssSelector: #login_button_container &gt; div &gt; form &gt; h3 (tried for 15 second(s) with 500 milliseconds interval)" type="org.openqa.selenium.TimeoutException">org.openqa.selenium.TimeoutException: Expected condition failed: waiting for visibility of element located by By.cssSelector: #login_button_container > div > form > h3 (tried for 15 second(s) with 500 milliseconds interval)
	at com.yourcompany.SampleSauceTest.isErrorPresent(SampleSauceTest.java:234)
	at com.yourcompany.SampleSauceTest.lockedOutLoginFlow(SampleSauceTest.java:197)
Caused by: org.openqa.selenium.NoSuchElementException: 
Cannot locate an element using By.cssSelector: #login_button_container > div > form > h3
For documentation on this error, please visit: http://seleniumhq.org/exceptions/no_such_element.html
Build info: version: '3.14.0', revision: 'aacccce0', time: '2018-08-02T20:19:58.91Z'
System info: host: 'SL-1549.local', ip: '127.0.0.1', os.name: 'Mac OS X', os.arch: 'x86_64', os.version: '10.15.7', java.version: '1.8.0_271'
Driver info: driver.version: unknown
	at com.yourcompany.SampleSauceTest.isErrorPresent(SampleSauceTest.java:234)
	at com.yourcompany.SampleSauceTest.lockedOutLoginFlow(SampleSauceTest.java:197)
</failure>
  </testcase>
  <testcase name="lockedOutLoginFlow" classname="com.yourcompany.SampleSauceTest" time="31.063"/>
  <testcase name="lockedOutLoginFlow" classname="com.yourcompany.SampleSauceTest" time="33.575"/>
  <testcase name="lockedOutLoginFlow" classname="com.yourcompany.SampleSauceTest" time="34.679"/>
  <testcase name="invalidLoginFlow" classname="com.yourcompany.SampleSauceTest" time="12.122"/>
  <testcase name="invalidLoginFlow" classname="com.yourcompany.SampleSauceTest" time="12.631"/>
  <testcase name="invalidLoginFlow" classname="com.yourcompany.SampleSauceTest" time="14.034"/>
  <testcase name="invalidLoginFlow" classname="com.yourcompany.SampleSauceTest" time="14.971"/>
  <testcase name="invalidLoginFlow" classname="com.yourcompany.SampleSauceTest" time="18.245"/>
  <testcase name="invalidLoginFlow" classname="com.yourcompany.SampleSauceTest" time="18.486"/>
  <testcase name="invalidLoginFlow" classname="com.yourcompany.SampleSauceTest" time="25.091"/>
  <testcase name="invalidLoginFlow" classname="com.yourcompany.SampleSauceTest" time="30.738">
    <failure message="Expected condition failed: waiting for visibility of element located by By.cssSelector: #login_button_container &gt; div &gt; form &gt; h3 (tried for 15 second(s) with 500 milliseconds interval)" type="org.openqa.selenium.TimeoutException">org.openqa.selenium.TimeoutException: Expected condition failed: waiting for visibility of element located by By.cssSelector: #login_button_container > div > form > h3 (tried for 15 second(s) with 500 milliseconds interval)
	at com.yourcompany.SampleSauceTest.isErrorPresent(SampleSauceTest.java:234)
	at com.yourcompany.SampleSauceTest.invalidLoginFlow(SampleSauceTest.java:165)
Caused by: org.openqa.selenium.NoSuchElementException: 
Cannot locate an element using By.cssSelector: #login_button_container > div > form > h3
For documentation on this error, please visit: http://seleniumhq.org/exceptions/no_such_element.html
Build info: version: '3.14.0', revision: 'aacccce0', time: '2018-08-02T20:19:58.91Z'
System info: host: 'SL-1549.local', ip: '127.0.0.1', os.name: 'Mac OS X', os.arch: 'x86_64', os.version: '10.15.7', java.version: '1.8.0_271'
Driver info: driver.version: unknown
	at com.yourcompany.SampleSauceTest.isErrorPresent(SampleSauceTest.java:234)
	at com.yourcompany.SampleSauceTest.invalidLoginFlow(SampleSauceTest.java:165)
</failure>
  </testcase>
  <testcase name="invalidLoginFlow" classname="com.yourcompany.SampleSauceTest" time="36.35"/>
  <testcase name="invalidLoginFlow" classname="com.yourcompany.SampleSauceTest" time="38.465"/>
</testsuite>