<?xml version="1.0" encoding="UTF-8"?>
<testng-results skipped="0" failed="2" ignored="0" total="4" passed="2">
  <reporter-output>
  </reporter-output>
  <suite name="Surefire suite" duration-ms="214086" started-at="2022-02-23T15:42:45Z" finished-at="2022-02-23T15:46:19Z">
    <groups>
    </groups>
    <test name="Surefire test" duration-ms="214086" started-at="2022-02-23T15:42:45Z" finished-at="2022-02-23T15:46:19Z">
      <class name="com.woot.WootTest">
        <test-method status="PASS" signature="WootPageTitle(java.lang.String, java.lang.String, java.lang.String, java.lang.String, java.lang.String, java.lang.reflect.Method)[pri:0, instance:com.woot.WootTest@880ec60]" name="WootPageTitle" duration-ms="212916" started-at="2022-02-23T10:42:45Z" data-provider="hardCodedBrowsers" finished-at="2022-02-23T10:46:18Z">
          <params>
            <param index="0">
              <value>
                <![CDATA[browser]]>
              </value>
            </param>
            <param index="1">
              <value>
                <![CDATA[firefox]]>
              </value>
            </param>
            <param index="2">
              <value>
                <![CDATA[latest-2]]>
              </value>
            </param>
            <param index="3">
              <value>
                <![CDATA[Windows 10]]>
              </value>
            </param>
            <param index="4">
              <value>
                <![CDATA[]]>
              </value>
            </param>
            <param index="5">
              <value>
                <![CDATA[public void com.woot.WootTest.WootPageTitle(java.lang.String,java.lang.String,java.lang.String,java.lang.String,java.lang.String,java.lang.reflect.Method) throws java.lang.Exception]]>
              </value>
            </param>
          </params>
          <reporter-output>
          </reporter-output>
        </test-method> <!-- WootPageTitle -->
        <test-method status="FAIL" signature="WootElectronics(java.lang.String, java.lang.String, java.lang.String, java.lang.String, java.lang.String, java.lang.reflect.Method)[pri:0, instance:com.woot.WootTest@880ec60]" name="WootElectronics" duration-ms="147032" started-at="2022-02-23T10:42:45Z" data-provider="hardCodedBrowsers" finished-at="2022-02-23T10:45:12Z">
          <params>
            <param index="0">
              <value>
                <![CDATA[browser]]>
              </value>
            </param>
            <param index="1">
              <value>
                <![CDATA[chrome]]>
              </value>
            </param>
            <param index="2">
              <value>
                <![CDATA[latest]]>
              </value>
            </param>
            <param index="3">
              <value>
                <![CDATA[Windows 10]]>
              </value>
            </param>
            <param index="4">
              <value>
                <![CDATA[]]>
              </value>
            </param>
            <param index="5">
              <value>
                <![CDATA[public void com.woot.WootTest.WootElectronics(java.lang.String,java.lang.String,java.lang.String,java.lang.String,java.lang.String,java.lang.reflect.Method) throws java.lang.Exception]]>
              </value>
            </param>
          </params>
          <exception class="java.lang.AssertionError">
            <message>
              <![CDATA[2 visual regressions found. Test failed.

View report: https://screener.io/v2/dashboard/621655f7f799877d1a454f71/(default) expected [true] but found [false]]]>
            </message>
            <full-stacktrace>
              <![CDATA[java.lang.AssertionError: 2 visual regressions found. Test failed.

View report: https://screener.io/v2/dashboard/621655f7f799877d1a454f71/(default) expected [true] but found [false]
	at org.testng.Assert.fail(Assert.java:94)
	at org.testng.Assert.failNotEquals(Assert.java:513)
	at org.testng.Assert.assertTrue(Assert.java:42)
	at com.woot.WootTest.WootElectronics(WootTest.java:162)
	at sun.reflect.NativeMethodAccessorImpl.invoke0(Native Method)
	at sun.reflect.NativeMethodAccessorImpl.invoke(NativeMethodAccessorImpl.java:62)
	at sun.reflect.DelegatingMethodAccessorImpl.invoke(DelegatingMethodAccessorImpl.java:43)
	at java.lang.reflect.Method.invoke(Method.java:498)
	at org.testng.internal.MethodInvocationHelper.invokeMethod(MethodInvocationHelper.java:104)
	at org.testng.internal.Invoker.invokeMethod(Invoker.java:645)
	at org.testng.internal.Invoker.invokeTestMethod(Invoker.java:851)
	at org.testng.internal.TestMethodWithDataProviderMethodWorker.call(TestMethodWithDataProviderMethodWorker.java:75)
	at org.testng.internal.TestMethodWithDataProviderMethodWorker.call(TestMethodWithDataProviderMethodWorker.java:14)
	at java.util.concurrent.FutureTask.run(FutureTask.java:266)
	at java.util.concurrent.Executors$RunnableAdapter.call(Executors.java:511)
	at java.util.concurrent.FutureTask.run(FutureTask.java:266)
	at java.util.concurrent.ThreadPoolExecutor.runWorker(ThreadPoolExecutor.java:1149)
	at java.util.concurrent.ThreadPoolExecutor$Worker.run(ThreadPoolExecutor.java:624)
	at java.lang.Thread.run(Thread.java:748)
]]>
            </full-stacktrace>
          </exception> <!-- java.lang.AssertionError -->
          <reporter-output>
          </reporter-output>
        </test-method> <!-- WootElectronics -->
        <test-method status="FAIL" signature="WootElectronics(java.lang.String, java.lang.String, java.lang.String, java.lang.String, java.lang.String, java.lang.reflect.Method)[pri:0, instance:com.woot.WootTest@880ec60]" name="WootElectronics" duration-ms="170707" started-at="2022-02-23T10:42:45Z" data-provider="hardCodedBrowsers" finished-at="2022-02-23T10:45:36Z">
          <params>
            <param index="0">
              <value>
                <![CDATA[browser]]>
              </value>
            </param>
            <param index="1">
              <value>
                <![CDATA[firefox]]>
              </value>
            </param>
            <param index="2">
              <value>
                <![CDATA[latest-2]]>
              </value>
            </param>
            <param index="3">
              <value>
                <![CDATA[Windows 10]]>
              </value>
            </param>
            <param index="4">
              <value>
                <![CDATA[]]>
              </value>
            </param>
            <param index="5">
              <value>
                <![CDATA[public void com.woot.WootTest.WootElectronics(java.lang.String,java.lang.String,java.lang.String,java.lang.String,java.lang.String,java.lang.reflect.Method) throws java.lang.Exception]]>
              </value>
            </param>
          </params>
          <exception class="java.lang.AssertionError">
            <message>
              <![CDATA[2 visual regressions found. Test failed.

View report: https://screener.io/v2/dashboard/621655f7f799877d1a454f71/(default) expected [true] but found [false]]]>
            </message>
            <full-stacktrace>
              <![CDATA[java.lang.AssertionError: 2 visual regressions found. Test failed.

View report: https://screener.io/v2/dashboard/621655f7f799877d1a454f71/(default) expected [true] but found [false]
	at org.testng.Assert.fail(Assert.java:94)
	at org.testng.Assert.failNotEquals(Assert.java:513)
	at org.testng.Assert.assertTrue(Assert.java:42)
	at com.woot.WootTest.WootElectronics(WootTest.java:162)
	at sun.reflect.NativeMethodAccessorImpl.invoke0(Native Method)
	at sun.reflect.NativeMethodAccessorImpl.invoke(NativeMethodAccessorImpl.java:62)
	at sun.reflect.DelegatingMethodAccessorImpl.invoke(DelegatingMethodAccessorImpl.java:43)
	at java.lang.reflect.Method.invoke(Method.java:498)
	at org.testng.internal.MethodInvocationHelper.invokeMethod(MethodInvocationHelper.java:104)
	at org.testng.internal.Invoker.invokeMethod(Invoker.java:645)
	at org.testng.internal.Invoker.invokeTestMethod(Invoker.java:851)
	at org.testng.internal.TestMethodWithDataProviderMethodWorker.call(TestMethodWithDataProviderMethodWorker.java:75)
	at org.testng.internal.TestMethodWithDataProviderMethodWorker.call(TestMethodWithDataProviderMethodWorker.java:14)
	at java.util.concurrent.FutureTask.run(FutureTask.java:266)
	at java.util.concurrent.Executors$RunnableAdapter.call(Executors.java:511)
	at java.util.concurrent.FutureTask.run(FutureTask.java:266)
	at java.util.concurrent.ThreadPoolExecutor.runWorker(ThreadPoolExecutor.java:1149)
	at java.util.concurrent.ThreadPoolExecutor$Worker.run(ThreadPoolExecutor.java:624)
	at java.lang.Thread.run(Thread.java:748)
]]>
            </full-stacktrace>
          </exception> <!-- java.lang.AssertionError -->
          <reporter-output>
          </reporter-output>
        </test-method> <!-- WootElectronics -->
        <test-method status="PASS" signature="WootPageTitle(java.lang.String, java.lang.String, java.lang.String, java.lang.String, java.lang.String, java.lang.reflect.Method)[pri:0, instance:com.woot.WootTest@880ec60]" name="WootPageTitle" duration-ms="100014" started-at="2022-02-23T10:42:45Z" data-provider="hardCodedBrowsers" finished-at="2022-02-23T10:44:25Z">
          <params>
            <param index="0">
              <value>
                <![CDATA[browser]]>
              </value>
            </param>
            <param index="1">
              <value>
                <![CDATA[chrome]]>
              </value>
            </param>
            <param index="2">
              <value>
                <![CDATA[latest]]>
              </value>
            </param>
            <param index="3">
              <value>
                <![CDATA[Windows 10]]>
              </value>
            </param>
            <param index="4">
              <value>
                <![CDATA[]]>
              </value>
            </param>
            <param index="5">
              <value>
                <![CDATA[public void com.woot.WootTest.WootPageTitle(java.lang.String,java.lang.String,java.lang.String,java.lang.String,java.lang.String,java.lang.reflect.Method) throws java.lang.Exception]]>
              </value>
            </param>
          </params>
          <reporter-output>
          </reporter-output>
        </test-method> <!-- WootPageTitle -->
        <test-method status="PASS" signature="tearDown(org.testng.ITestResult)[pri:0, instance:com.woot.WootTest@880ec60]" name="tearDown" is-config="true" duration-ms="769" started-at="2022-02-23T10:44:25Z" finished-at="2022-02-23T10:44:26Z">
          <params>
            <param index="0">
              <value>
                <![CDATA[[TestResult name=WootPageTitle status=SUCCESS method=WootTest.WootPageTitle(java.lang.String, java.lang.String, java.lang.String, java.lang.String, java.lang.String, java.lang.reflect.Method)[pri:0, instance:com.woot.WootTest@880ec60] output={null}]]]>
              </value>
            </param>
          </params>
          <reporter-output>
          </reporter-output>
        </test-method> <!-- tearDown -->
        <test-method status="PASS" signature="tearDown(org.testng.ITestResult)[pri:0, instance:com.woot.WootTest@880ec60]" name="tearDown" is-config="true" duration-ms="669" started-at="2022-02-23T10:45:12Z" finished-at="2022-02-23T10:45:13Z">
          <params>
            <param index="0">
              <value>
                <![CDATA[[TestResult name=WootElectronics status=FAILURE method=WootTest.WootElectronics(java.lang.String, java.lang.String, java.lang.String, java.lang.String, java.lang.String, java.lang.reflect.Method)[pri:0, instance:com.woot.WootTest@880ec60] output={null}]]]>
              </value>
            </param>
          </params>
          <reporter-output>
          </reporter-output>
        </test-method> <!-- tearDown -->
        <test-method status="PASS" signature="tearDown(org.testng.ITestResult)[pri:0, instance:com.woot.WootTest@880ec60]" name="tearDown" is-config="true" duration-ms="765" started-at="2022-02-23T10:45:36Z" finished-at="2022-02-23T10:45:36Z">
          <params>
            <param index="0">
              <value>
                <![CDATA[[TestResult name=WootElectronics status=FAILURE method=WootTest.WootElectronics(java.lang.String, java.lang.String, java.lang.String, java.lang.String, java.lang.String, java.lang.reflect.Method)[pri:0, instance:com.woot.WootTest@880ec60] output={null}]]]>
              </value>
            </param>
          </params>
          <reporter-output>
          </reporter-output>
        </test-method> <!-- tearDown -->
        <test-method status="PASS" signature="tearDown(org.testng.ITestResult)[pri:0, instance:com.woot.WootTest@880ec60]" name="tearDown" is-config="true" duration-ms="1133" started-at="2022-02-23T10:46:18Z" finished-at="2022-02-23T10:46:19Z">
          <params>
            <param index="0">
              <value>
                <![CDATA[[TestResult name=WootPageTitle status=SUCCESS method=WootTest.WootPageTitle(java.lang.String, java.lang.String, java.lang.String, java.lang.String, java.lang.String, java.lang.reflect.Method)[pri:0, instance:com.woot.WootTest@880ec60] output={null}]]]>
              </value>
            </param>
          </params>
          <reporter-output>
          </reporter-output>
        </test-method> <!-- tearDown -->
      </class> <!-- com.woot.WootTest -->
    </test> <!-- Surefire test -->
  </suite> <!-- Surefire suite -->
</testng-results>
