<?xml version="1.0" encoding="UTF-8"?>
<testsuite xmlns:xsi="http://www.w3.org/2001/XMLSchema-instance" xsi:schemaLocation="https://maven.apache.org/surefire/maven-surefire-plugin/xsd/surefire-test-report.xsd" name="com.bofa.BofATest" time="167.51" tests="24" errors="0" skipped="0" failures="0">
  <properties>
[...]
</properties>
  <testcase name="MadKuduPageTitle" classname="com.bofa.BofATest" time="12.367"/>
  <testcase name="MadKuduPageTitle" classname="com.bofa.BofATest" time="3.684"/>
  <testcase name="MadKuduPageTitle" classname="com.bofa.BofATest" time="4.218"/>
  <testcase name="MadKuduPageTitle" classname="com.bofa.BofATest" time="4.252"/>
  <testcase name="MadKuduPageTitle" classname="com.bofa.BofATest" time="0.127"/>
  <testcase name="MadKuduPageTitle" classname="com.bofa.BofATest" time="0.485"/>
  <testcase name="MadKuduPageTitle" classname="com.bofa.BofATest" time="7.649"/>
  <testcase name="MadKuduPageTitle" classname="com.bofa.BofATest" time="9.011"/>
  <testcase name="MadKuduPageTitle" classname="com.bofa.BofATest" time="17.892"/>
  <testcase name="MadKuduPageTitle" classname="com.bofa.BofATest" time="26.505"/>
  <testcase name="MadKuduPageTitle" classname="com.bofa.BofATest" time="48.063"/>
  <testcase name="MadKuduPageTitle" classname="com.bofa.BofATest" time="82.276"/>
  <testcase name="MadKuduFunc" classname="com.bofa.BofATest" time="0.267"/>
  <testcase name="MadKuduFunc" classname="com.bofa.BofATest" time="1.02"/>
  <testcase name="MadKuduFunc" classname="com.bofa.BofATest" time="1.959"/>
  <testcase name="MadKuduFunc" classname="com.bofa.BofATest" time="3.53"/>
  <testcase name="MadKuduFunc" classname="com.bofa.BofATest" time="4.966"/>
  <testcase name="MadKuduFunc" classname="com.bofa.BofATest" time="8.156"/>
  <testcase name="MadKuduFunc" classname="com.bofa.BofATest" time="9.259"/>
  <testcase name="MadKuduFunc" classname="com.bofa.BofATest" time="9.594"/>
  <testcase name="MadKuduFunc" classname="com.bofa.BofATest" time="18.901"/>
  <testcase name="MadKuduFunc" classname="com.bofa.BofATest" time="33.475"/>
  <testcase name="MadKuduFunc" classname="com.bofa.BofATest" time="43.332"/>
  <testcase name="MadKuduFunc" classname="com.bofa.BofATest" time="146.698"/>
</testsuite>